# JRE version: OpenJDK Runtime Environment Microsoft-8035246 (17.0.8+7) (build 17.0.8+7-LTS)
# Java VM: OpenJDK 64-Bit Server VM Microsoft-8035246 (17.0.8+7-LTS, mixed mode, sharing, tiered, compressed oops, compressed class ptrs, g1 gc, windows-amd64)
GC Precious Log:
 CPUs: 12 total, 12 available
 Memory: 16083M
 Large Page Support: Disabled
 NUMA Support: Disabled
 Compressed Oops: Enabled (32-bit)
 Heap Region Size: 1M
 Heap Min Capacity: 8M
 Heap Initial Capacity: 252M
 Heap Max Capacity: 2G
 Pre-touch: Disabled
 Parallel Workers: 10
 Concurrent Workers: 3
 Concurrent Refinement Workers: 10
 Periodic GC: Disabled
Heap:
 garbage-first heap   total 239616K, used 203688K [0x0000000080000000, 0x0000000100000000)
  region size 1024K, 34 young (34816K), 3 survivors (3072K)
 Metaspace       used 103277K, committed 104448K, reserved 557056K
  class space    used 14243K, committed 14784K, reserved 425984K
GC Heap History (20 events):
Event: 24.667 GC heap before
{Heap before GC invocations=41 (full 0):
 garbage-first heap   total 239616K, used 180069K [0x0000000080000000, 0x0000000100000000)
  region size 1024K, 93 young (95232K), 12 survivors (12288K)
 Metaspace       used 92056K, committed 93120K, reserved 557056K
  class space    used 12806K, committed 13248K, reserved 425984K
}
Event: 24.679 GC heap after
{Heap after GC invocations=42 (full 0):
 garbage-first heap   total 239616K, used 116433K [0x0000000080000000, 0x0000000100000000)
  region size 1024K, 12 young (12288K), 12 survivors (12288K)
 Metaspace       used 92056K, committed 93120K, reserved 557056K
  class space    used 12806K, committed 13248K, reserved 425984K
}
Event: 25.971 GC heap before
{Heap before GC invocations=42 (full 0):
 garbage-first heap   total 239616K, used 180945K [0x0000000080000000, 0x0000000100000000)
  region size 1024K, 75 young (76800K), 12 survivors (12288K)
 Metaspace       used 93640K, committed 94720K, reserved 557056K
  class space    used 13005K, committed 13504K, reserved 425984K
}
Event: 25.983 GC heap after
{Heap after GC invocations=43 (full 0):
 garbage-first heap   total 239616K, used 131072K [0x0000000080000000, 0x0000000100000000)
  region size 1024K, 10 young (10240K), 10 survivors (10240K)
 Metaspace       used 93640K, committed 94720K, reserved 557056K
  class space    used 13005K, committed 13504K, reserved 425984K
}
Event: 27.550 GC heap before
{Heap before GC invocations=43 (full 0):
 garbage-first heap   total 239616K, used 186368K [0x0000000080000000, 0x0000000100000000)
  region size 1024K, 64 young (65536K), 10 survivors (10240K)
 Metaspace       used 99661K, committed 100864K, reserved 557056K
  class space    used 13822K, committed 14336K, reserved 425984K
}
Event: 27.560 GC heap after
{Heap after GC invocations=44 (full 0):
 garbage-first heap   total 239616K, used 140027K [0x0000000080000000, 0x0000000100000000)
  region size 1024K, 8 young (8192K), 8 survivors (8192K)
 Metaspace       used 99661K, committed 100864K, reserved 557056K
  class space    used 13822K, committed 14336K, reserved 425984K
}
Event: 28.274 GC heap before
{Heap before GC invocations=44 (full 0):
 garbage-first heap   total 239616K, used 189179K [0x0000000080000000, 0x0000000100000000)
  region size 1024K, 56 young (57344K), 8 survivors (8192K)
 Metaspace       used 101518K, committed 102720K, reserved 557056K
  class space    used 14038K, committed 14592K, reserved 425984K
}
Event: 28.282 GC heap after
{Heap after GC invocations=45 (full 0):
 garbage-first heap   total 239616K, used 145885K [0x0000000080000000, 0x0000000100000000)
  region size 1024K, 7 young (7168K), 7 survivors (7168K)
 Metaspace       used 101518K, committed 102720K, reserved 557056K
  class space    used 14038K, committed 14592K, reserved 425984K
}
Event: 28.824 GC heap before
{Heap before GC invocations=45 (full 0):
 garbage-first heap   total 239616K, used 191965K [0x0000000080000000, 0x0000000100000000)
  region size 1024K, 52 young (53248K), 7 survivors (7168K)
 Metaspace       used 101798K, committed 102912K, reserved 557056K
  class space    used 14050K, committed 14592K, reserved 425984K
}
Event: 28.833 GC heap after
{Heap after GC invocations=46 (full 0):
 garbage-first heap   total 239616K, used 155120K [0x0000000080000000, 0x0000000100000000)
  region size 1024K, 7 young (7168K), 7 survivors (7168K)
 Metaspace       used 101798K, committed 102912K, reserved 557056K
  class space    used 14050K, committed 14592K, reserved 425984K
}
Event: 29.212 GC heap before
{Heap before GC invocations=46 (full 0):
 garbage-first heap   total 239616K, used 194032K [0x0000000080000000, 0x0000000100000000)
  region size 1024K, 45 young (46080K), 7 survivors (7168K)
 Metaspace       used 102460K, committed 103616K, reserved 557056K
  class space    used 14149K, committed 14720K, reserved 425984K
}
Event: 29.220 GC heap after
{Heap after GC invocations=47 (full 0):
 garbage-first heap   total 239616K, used 160610K [0x0000000080000000, 0x0000000100000000)
  region size 1024K, 5 young (5120K), 5 survivors (5120K)
 Metaspace       used 102460K, committed 103616K, reserved 557056K
  class space    used 14149K, committed 14720K, reserved 425984K
}
Event: 29.567 GC heap before
{Heap before GC invocations=47 (full 0):
 garbage-first heap   total 239616K, used 196450K [0x0000000080000000, 0x0000000100000000)
  region size 1024K, 41 young (41984K), 5 survivors (5120K)
 Metaspace       used 102820K, committed 103936K, reserved 557056K
  class space    used 14196K, committed 14720K, reserved 425984K
}
Event: 29.572 GC heap after
{Heap after GC invocations=48 (full 0):
 garbage-first heap   total 239616K, used 162471K [0x0000000080000000, 0x0000000100000000)
  region size 1024K, 3 young (3072K), 3 survivors (3072K)
 Metaspace       used 102820K, committed 103936K, reserved 557056K
  class space    used 14196K, committed 14720K, reserved 425984K
}
Event: 29.895 GC heap before
{Heap before GC invocations=48 (full 0):
 garbage-first heap   total 239616K, used 198311K [0x0000000080000000, 0x0000000100000000)
  region size 1024K, 39 young (39936K), 3 survivors (3072K)
 Metaspace       used 102962K, committed 104128K, reserved 557056K
  class space    used 14196K, committed 14720K, reserved 425984K
}
Event: 29.898 GC heap after
{Heap after GC invocations=49 (full 0):
 garbage-first heap   total 239616K, used 163401K [0x0000000080000000, 0x0000000100000000)
  region size 1024K, 3 young (3072K), 3 survivors (3072K)
 Metaspace       used 102962K, committed 104128K, reserved 557056K
  class space    used 14196K, committed 14720K, reserved 425984K
}
Event: 30.275 GC heap before
{Heap before GC invocations=49 (full 0):
 garbage-first heap   total 239616K, used 201289K [0x0000000080000000, 0x0000000100000000)
  region size 1024K, 41 young (41984K), 3 survivors (3072K)
 Metaspace       used 103238K, committed 104448K, reserved 557056K
  class space    used 14243K, committed 14784K, reserved 425984K
}
Event: 30.279 GC heap after
{Heap after GC invocations=50 (full 0):
 garbage-first heap   total 239616K, used 167510K [0x0000000080000000, 0x0000000100000000)
  region size 1024K, 6 young (6144K), 6 survivors (6144K)
 Metaspace       used 103238K, committed 104448K, reserved 557056K
  class space    used 14243K, committed 14784K, reserved 425984K
}
Event: 30.784 GC heap before
{Heap before GC invocations=50 (full 0):
 garbage-first heap   total 239616K, used 201302K [0x0000000080000000, 0x0000000100000000)
  region size 1024K, 40 young (40960K), 6 survivors (6144K)
 Metaspace       used 103269K, committed 104448K, reserved 557056K
  class space    used 14243K, committed 14784K, reserved 425984K
}
Event: 30.788 GC heap after
{Heap after GC invocations=51 (full 0):
 garbage-first heap   total 239616K, used 169896K [0x0000000080000000, 0x0000000100000000)
  region size 1024K, 3 young (3072K), 3 survivors (3072K)
 Metaspace       used 103269K, committed 104448K, reserved 557056K
  class space    used 14243K, committed 14784K, reserved 425984K
}

