# JRE version: OpenJDK Runtime Environment Microsoft-8035246 (17.0.8+7) (build 17.0.8+7-LTS)
# Java VM: OpenJDK 64-Bit Server VM Microsoft-8035246 (17.0.8+7-LTS, mixed mode, sharing, tiered, compressed oops, compressed class ptrs, g1 gc, windows-amd64)
GC Precious Log:
 CPUs: 12 total, 12 available
 Memory: 16083M
 Large Page Support: Disabled
 NUMA Support: Disabled
 Compressed Oops: Enabled (32-bit)
 Heap Region Size: 1M
 Heap Min Capacity: 8M
 Heap Initial Capacity: 252M
 Heap Max Capacity: 2G
 Pre-touch: Disabled
 Parallel Workers: 10
 Concurrent Workers: 3
 Concurrent Refinement Workers: 10
 Periodic GC: Disabled
Heap:
 garbage-first heap   total 261120K, used 191312K [0x0000000080000000, 0x0000000100000000)
  region size 1024K, 8 young (8192K), 3 survivors (3072K)
 Metaspace       used 106205K, committed 107520K, reserved 557056K
  class space    used 14560K, committed 15168K, reserved 425984K
GC Heap History (20 events):
Event: 28.325 GC heap before
{Heap before GC invocations=45 (full 0):
 garbage-first heap   total 261120K, used 198656K [0x0000000080000000, 0x0000000100000000)
  region size 1024K, 73 young (74752K), 11 survivors (11264K)
 Metaspace       used 100761K, committed 101952K, reserved 557056K
  class space    used 13953K, committed 14528K, reserved 425984K
}
Event: 28.334 GC heap after
{Heap after GC invocations=46 (full 0):
 garbage-first heap   total 261120K, used 144081K [0x0000000080000000, 0x0000000100000000)
  region size 1024K, 8 young (8192K), 8 survivors (8192K)
 Metaspace       used 100761K, committed 101952K, reserved 557056K
  class space    used 13953K, committed 14528K, reserved 425984K
}
Event: 29.208 GC heap before
{Heap before GC invocations=46 (full 0):
 garbage-first heap   total 261120K, used 202449K [0x0000000080000000, 0x0000000100000000)
  region size 1024K, 65 young (66560K), 8 survivors (8192K)
 Metaspace       used 101911K, committed 103040K, reserved 557056K
  class space    used 14070K, committed 14592K, reserved 425984K
}
Event: 29.218 GC heap after
{Heap after GC invocations=47 (full 0):
 garbage-first heap   total 261120K, used 153993K [0x0000000080000000, 0x0000000100000000)
  region size 1024K, 9 young (9216K), 9 survivors (9216K)
 Metaspace       used 101911K, committed 103040K, reserved 557056K
  class space    used 14070K, committed 14592K, reserved 425984K
}
Event: 29.770 GC heap before
{Heap before GC invocations=47 (full 0):
 garbage-first heap   total 261120K, used 205193K [0x0000000080000000, 0x0000000100000000)
  region size 1024K, 59 young (60416K), 9 survivors (9216K)
 Metaspace       used 102353K, committed 103552K, reserved 557056K
  class space    used 14106K, committed 14656K, reserved 425984K
}
Event: 29.780 GC heap after
{Heap after GC invocations=48 (full 0):
 garbage-first heap   total 261120K, used 163483K [0x0000000080000000, 0x0000000100000000)
  region size 1024K, 8 young (8192K), 8 survivors (8192K)
 Metaspace       used 102353K, committed 103552K, reserved 557056K
  class space    used 14106K, committed 14656K, reserved 425984K
}
Event: 30.154 GC heap before
{Heap before GC invocations=48 (full 0):
 garbage-first heap   total 261120K, used 209563K [0x0000000080000000, 0x0000000100000000)
  region size 1024K, 54 young (55296K), 8 survivors (8192K)
 Metaspace       used 103230K, committed 104512K, reserved 557056K
  class space    used 14283K, committed 14848K, reserved 425984K
}
Event: 30.162 GC heap after
{Heap after GC invocations=49 (full 0):
 garbage-first heap   total 261120K, used 168424K [0x0000000080000000, 0x0000000100000000)
  region size 1024K, 5 young (5120K), 5 survivors (5120K)
 Metaspace       used 103230K, committed 104512K, reserved 557056K
  class space    used 14283K, committed 14848K, reserved 425984K
}
Event: 30.593 GC heap before
{Heap before GC invocations=49 (full 0):
 garbage-first heap   total 261120K, used 212456K [0x0000000080000000, 0x0000000100000000)
  region size 1024K, 49 young (50176K), 5 survivors (5120K)
 Metaspace       used 103513K, committed 104768K, reserved 557056K
  class space    used 14285K, committed 14848K, reserved 425984K
}
Event: 30.597 GC heap after
{Heap after GC invocations=50 (full 0):
 garbage-first heap   total 261120K, used 170510K [0x0000000080000000, 0x0000000100000000)
  region size 1024K, 3 young (3072K), 3 survivors (3072K)
 Metaspace       used 103513K, committed 104768K, reserved 557056K
  class space    used 14285K, committed 14848K, reserved 425984K
}
Event: 30.968 GC heap before
{Heap before GC invocations=50 (full 0):
 garbage-first heap   total 261120K, used 214542K [0x0000000080000000, 0x0000000100000000)
  region size 1024K, 47 young (48128K), 3 survivors (3072K)
 Metaspace       used 103811K, committed 105088K, reserved 557056K
  class space    used 14335K, committed 14912K, reserved 425984K
}
Event: 30.973 GC heap after
{Heap after GC invocations=51 (full 0):
 garbage-first heap   total 261120K, used 174600K [0x0000000080000000, 0x0000000100000000)
  region size 1024K, 6 young (6144K), 6 survivors (6144K)
 Metaspace       used 103811K, committed 105088K, reserved 557056K
  class space    used 14335K, committed 14912K, reserved 425984K
}
Event: 31.717 GC heap before
{Heap before GC invocations=51 (full 0):
 garbage-first heap   total 261120K, used 217608K [0x0000000080000000, 0x0000000100000000)
  region size 1024K, 49 young (50176K), 6 survivors (6144K)
 Metaspace       used 103839K, committed 105088K, reserved 557056K
  class space    used 14336K, committed 14912K, reserved 425984K
}
Event: 31.721 GC heap after
{Heap after GC invocations=52 (full 0):
 garbage-first heap   total 261120K, used 177013K [0x0000000080000000, 0x0000000100000000)
  region size 1024K, 3 young (3072K), 3 survivors (3072K)
 Metaspace       used 103839K, committed 105088K, reserved 557056K
  class space    used 14336K, committed 14912K, reserved 425984K
}
Event: 31.967 GC heap before
{Heap before GC invocations=52 (full 0):
 garbage-first heap   total 261120K, used 224117K [0x0000000080000000, 0x0000000100000000)
  region size 1024K, 45 young (46080K), 3 survivors (3072K)
 Metaspace       used 103875K, committed 105088K, reserved 557056K
  class space    used 14336K, committed 14912K, reserved 425984K
}
Event: 31.971 GC heap after
{Heap after GC invocations=53 (full 0):
 garbage-first heap   total 261120K, used 180680K [0x0000000080000000, 0x0000000100000000)
  region size 1024K, 6 young (6144K), 6 survivors (6144K)
 Metaspace       used 103875K, committed 105088K, reserved 557056K
  class space    used 14336K, committed 14912K, reserved 425984K
}
Event: 32.467 GC heap before
{Heap before GC invocations=53 (full 0):
 garbage-first heap   total 261120K, used 228808K [0x0000000080000000, 0x0000000100000000)
  region size 1024K, 46 young (47104K), 6 survivors (6144K)
 Metaspace       used 104000K, committed 105280K, reserved 557056K
  class space    used 14353K, committed 14976K, reserved 425984K
}
Event: 32.472 GC heap after
{Heap after GC invocations=54 (full 0):
 garbage-first heap   total 261120K, used 184796K [0x0000000080000000, 0x0000000100000000)
  region size 1024K, 5 young (5120K), 5 survivors (5120K)
 Metaspace       used 104000K, committed 105280K, reserved 557056K
  class space    used 14353K, committed 14976K, reserved 425984K
}
Event: 32.734 GC heap before
{Heap before GC invocations=54 (full 0):
 garbage-first heap   total 261120K, used 226780K [0x0000000080000000, 0x0000000100000000)
  region size 1024K, 42 young (43008K), 5 survivors (5120K)
 Metaspace       used 105295K, committed 106560K, reserved 557056K
  class space    used 14455K, committed 15040K, reserved 425984K
}
Event: 32.738 GC heap after
{Heap after GC invocations=55 (full 0):
 garbage-first heap   total 261120K, used 187216K [0x0000000080000000, 0x0000000100000000)
  region size 1024K, 3 young (3072K), 3 survivors (3072K)
 Metaspace       used 105295K, committed 106560K, reserved 557056K
  class space    used 14455K, committed 15040K, reserved 425984K
}

