# JRE version: OpenJDK Runtime Environment Microsoft-8035246 (17.0.8+7) (build 17.0.8+7-LTS)
# Java VM: OpenJDK 64-Bit Server VM Microsoft-8035246 (17.0.8+7-LTS, mixed mode, sharing, tiered, compressed oops, compressed class ptrs, g1 gc, windows-amd64)
GC Precious Log:
 CPUs: 12 total, 12 available
 Memory: 16083M
 Large Page Support: Disabled
 NUMA Support: Disabled
 Compressed Oops: Enabled (32-bit)
 Heap Region Size: 1M
 Heap Min Capacity: 8M
 Heap Initial Capacity: 252M
 Heap Max Capacity: 2G
 Pre-touch: Disabled
 Parallel Workers: 10
 Concurrent Workers: 3
 Concurrent Refinement Workers: 10
 Periodic GC: Disabled
Heap:
 garbage-first heap   total 221184K, used 186814K [0x0000000080000000, 0x0000000100000000)
  region size 1024K, 48 young (49152K), 6 survivors (6144K)
 Metaspace       used 100337K, committed 101248K, reserved 557056K
  class space    used 13863K, committed 14272K, reserved 425984K
GC Heap History (20 events):
Event: 17.434 GC heap before
{Heap before GC invocations=36 (full 0):
 garbage-first heap   total 184320K, used 147966K [0x0000000080000000, 0x0000000100000000)
  region size 1024K, 34 young (34816K), 5 survivors (5120K)
 Metaspace       used 96734K, committed 97728K, reserved 557056K
  class space    used 13429K, committed 13888K, reserved 425984K
}
Event: 17.439 GC heap after
{Heap after GC invocations=37 (full 0):
 garbage-first heap   total 184320K, used 122145K [0x0000000080000000, 0x0000000100000000)
  region size 1024K, 4 young (4096K), 4 survivors (4096K)
 Metaspace       used 96734K, committed 97728K, reserved 557056K
  class space    used 13429K, committed 13888K, reserved 425984K
}
Event: 17.751 GC heap before
{Heap before GC invocations=37 (full 0):
 garbage-first heap   total 184320K, used 150817K [0x0000000080000000, 0x0000000100000000)
  region size 1024K, 32 young (32768K), 4 survivors (4096K)
 Metaspace       used 98058K, committed 99008K, reserved 557056K
  class space    used 13583K, committed 14016K, reserved 425984K
}
Event: 17.755 GC heap after
{Heap after GC invocations=38 (full 0):
 garbage-first heap   total 184320K, used 125594K [0x0000000080000000, 0x0000000100000000)
  region size 1024K, 4 young (4096K), 4 survivors (4096K)
 Metaspace       used 98058K, committed 99008K, reserved 557056K
  class space    used 13583K, committed 14016K, reserved 425984K
}
Event: 18.168 GC heap before
{Heap before GC invocations=38 (full 0):
 garbage-first heap   total 184320K, used 152218K [0x0000000080000000, 0x0000000100000000)
  region size 1024K, 30 young (30720K), 4 survivors (4096K)
 Metaspace       used 98696K, committed 99584K, reserved 557056K
  class space    used 13652K, committed 14080K, reserved 425984K
}
Event: 18.173 GC heap after
{Heap after GC invocations=39 (full 0):
 garbage-first heap   total 184320K, used 128929K [0x0000000080000000, 0x0000000100000000)
  region size 1024K, 4 young (4096K), 4 survivors (4096K)
 Metaspace       used 98696K, committed 99584K, reserved 557056K
  class space    used 13652K, committed 14080K, reserved 425984K
}
Event: 18.372 GC heap before
{Heap before GC invocations=39 (full 0):
 garbage-first heap   total 184320K, used 153505K [0x0000000080000000, 0x0000000100000000)
  region size 1024K, 28 young (28672K), 4 survivors (4096K)
 Metaspace       used 98999K, committed 99904K, reserved 557056K
  class space    used 13681K, committed 14080K, reserved 425984K
}
Event: 18.376 GC heap after
{Heap after GC invocations=40 (full 0):
 garbage-first heap   total 184320K, used 133086K [0x0000000080000000, 0x0000000100000000)
  region size 1024K, 4 young (4096K), 4 survivors (4096K)
 Metaspace       used 98999K, committed 99904K, reserved 557056K
  class space    used 13681K, committed 14080K, reserved 425984K
}
Event: 18.556 GC heap before
{Heap before GC invocations=40 (full 0):
 garbage-first heap   total 184320K, used 153566K [0x0000000080000000, 0x0000000100000000)
  region size 1024K, 25 young (25600K), 4 survivors (4096K)
 Metaspace       used 99559K, committed 100544K, reserved 557056K
  class space    used 13801K, committed 14208K, reserved 425984K
}
Event: 18.561 GC heap after
{Heap after GC invocations=41 (full 0):
 garbage-first heap   total 184320K, used 135553K [0x0000000080000000, 0x0000000100000000)
  region size 1024K, 3 young (3072K), 3 survivors (3072K)
 Metaspace       used 99559K, committed 100544K, reserved 557056K
  class space    used 13801K, committed 14208K, reserved 425984K
}
Event: 18.697 GC heap before
{Heap before GC invocations=41 (full 0):
 garbage-first heap   total 184320K, used 155009K [0x0000000080000000, 0x0000000100000000)
  region size 1024K, 23 young (23552K), 3 survivors (3072K)
 Metaspace       used 99726K, committed 100736K, reserved 557056K
  class space    used 13808K, committed 14272K, reserved 425984K
}
Event: 18.699 GC heap after
{Heap after GC invocations=42 (full 0):
 garbage-first heap   total 184320K, used 136474K [0x0000000080000000, 0x0000000100000000)
  region size 1024K, 2 young (2048K), 2 survivors (2048K)
 Metaspace       used 99726K, committed 100736K, reserved 557056K
  class space    used 13808K, committed 14272K, reserved 425984K
}
Event: 18.897 GC heap before
{Heap before GC invocations=42 (full 0):
 garbage-first heap   total 184320K, used 154906K [0x0000000080000000, 0x0000000100000000)
  region size 1024K, 21 young (21504K), 2 survivors (2048K)
 Metaspace       used 99870K, committed 100864K, reserved 557056K
  class space    used 13809K, committed 14272K, reserved 425984K
}
Event: 18.899 GC heap after
{Heap after GC invocations=43 (full 0):
 garbage-first heap   total 184320K, used 136991K [0x0000000080000000, 0x0000000100000000)
  region size 1024K, 2 young (2048K), 2 survivors (2048K)
 Metaspace       used 99870K, committed 100864K, reserved 557056K
  class space    used 13809K, committed 14272K, reserved 425984K
}
Event: 19.034 GC heap before
{Heap before GC invocations=43 (full 0):
 garbage-first heap   total 184320K, used 157471K [0x0000000080000000, 0x0000000100000000)
  region size 1024K, 22 young (22528K), 2 survivors (2048K)
 Metaspace       used 99969K, committed 100992K, reserved 557056K
  class space    used 13809K, committed 14272K, reserved 425984K
}
Event: 19.037 GC heap after
{Heap after GC invocations=44 (full 0):
 garbage-first heap   total 184320K, used 137693K [0x0000000080000000, 0x0000000100000000)
  region size 1024K, 2 young (2048K), 2 survivors (2048K)
 Metaspace       used 99969K, committed 100992K, reserved 557056K
  class space    used 13809K, committed 14272K, reserved 425984K
}
Event: 19.220 GC heap before
{Heap before GC invocations=44 (full 0):
 garbage-first heap   total 184320K, used 157149K [0x0000000080000000, 0x0000000100000000)
  region size 1024K, 22 young (22528K), 2 survivors (2048K)
 Metaspace       used 100262K, committed 101184K, reserved 557056K
  class space    used 13863K, committed 14272K, reserved 425984K
}
Event: 19.224 GC heap after
{Heap after GC invocations=45 (full 0):
 garbage-first heap   total 221184K, used 140925K [0x0000000080000000, 0x0000000100000000)
  region size 1024K, 3 young (3072K), 3 survivors (3072K)
 Metaspace       used 100262K, committed 101184K, reserved 557056K
  class space    used 13863K, committed 14272K, reserved 425984K
}
Event: 19.399 GC heap before
{Heap before GC invocations=45 (full 0):
 garbage-first heap   total 221184K, used 183933K [0x0000000080000000, 0x0000000100000000)
  region size 1024K, 46 young (47104K), 3 survivors (3072K)
 Metaspace       used 100317K, committed 101248K, reserved 557056K
  class space    used 13863K, committed 14272K, reserved 425984K
}
Event: 19.403 GC heap after
{Heap after GC invocations=46 (full 0):
 garbage-first heap   total 221184K, used 143806K [0x0000000080000000, 0x0000000100000000)
  region size 1024K, 6 young (6144K), 6 survivors (6144K)
 Metaspace       used 100317K, committed 101248K, reserved 557056K
  class space    used 13863K, committed 14272K, reserved 425984K
}

