# JRE version: OpenJDK Runtime Environment Microsoft-8035246 (17.0.8+7) (build 17.0.8+7-LTS)
# Java VM: OpenJDK 64-Bit Server VM Microsoft-8035246 (17.0.8+7-LTS, mixed mode, sharing, tiered, compressed oops, compressed class ptrs, g1 gc, windows-amd64)
GC Precious Log:
 CPUs: 12 total, 12 available
 Memory: 16083M
 Large Page Support: Disabled
 NUMA Support: Disabled
 Compressed Oops: Enabled (32-bit)
 Heap Region Size: 1M
 Heap Min Capacity: 8M
 Heap Initial Capacity: 252M
 Heap Max Capacity: 2G
 Pre-touch: Disabled
 Parallel Workers: 10
 Concurrent Workers: 3
 Concurrent Refinement Workers: 10
 Periodic GC: Disabled
Heap:
 garbage-first heap   total 254976K, used 215275K [0x0000000080000000, 0x0000000100000000)
  region size 1024K, 26 young (26624K), 2 survivors (2048K)
 Metaspace       used 98680K, committed 99968K, reserved 557056K
  class space    used 13655K, committed 14208K, reserved 425984K
GC Heap History (20 events):
Event: 24.407 GC heap before
{Heap before GC invocations=38 (full 0):
 garbage-first heap   total 211968K, used 178272K [0x0000000080000000, 0x0000000100000000)
  region size 1024K, 24 young (24576K), 3 survivors (3072K)
 Metaspace       used 96480K, committed 97664K, reserved 557056K
  class space    used 13421K, committed 13952K, reserved 425984K
}
Event: 24.412 GC heap after
{Heap after GC invocations=39 (full 0):
 garbage-first heap   total 211968K, used 160995K [0x0000000080000000, 0x0000000100000000)
  region size 1024K, 3 young (3072K), 3 survivors (3072K)
 Metaspace       used 96480K, committed 97664K, reserved 557056K
  class space    used 13421K, committed 13952K, reserved 425984K
}
Event: 24.719 GC heap before
{Heap before GC invocations=39 (full 0):
 garbage-first heap   total 211968K, used 179427K [0x0000000080000000, 0x0000000100000000)
  region size 1024K, 21 young (21504K), 3 survivors (3072K)
 Metaspace       used 96868K, committed 98112K, reserved 557056K
  class space    used 13460K, committed 14016K, reserved 425984K
}
Event: 24.724 GC heap after
{Heap after GC invocations=40 (full 0):
 garbage-first heap   total 211968K, used 164672K [0x0000000080000000, 0x0000000100000000)
  region size 1024K, 3 young (3072K), 3 survivors (3072K)
 Metaspace       used 96868K, committed 98112K, reserved 557056K
  class space    used 13460K, committed 14016K, reserved 425984K
}
Event: 25.010 GC heap before
{Heap before GC invocations=40 (full 0):
 garbage-first heap   total 211968K, used 181056K [0x0000000080000000, 0x0000000100000000)
  region size 1024K, 19 young (19456K), 3 survivors (3072K)
 Metaspace       used 96974K, committed 98240K, reserved 557056K
  class space    used 13460K, committed 14016K, reserved 425984K
}
Event: 25.015 GC heap after
{Heap after GC invocations=41 (full 0):
 garbage-first heap   total 254976K, used 168562K [0x0000000080000000, 0x0000000100000000)
  region size 1024K, 3 young (3072K), 3 survivors (3072K)
 Metaspace       used 96974K, committed 98240K, reserved 557056K
  class space    used 13460K, committed 14016K, reserved 425984K
}
Event: 25.784 GC heap before
{Heap before GC invocations=41 (full 0):
 garbage-first heap   total 254976K, used 205426K [0x0000000080000000, 0x0000000100000000)
  region size 1024K, 39 young (39936K), 3 survivors (3072K)
 Metaspace       used 97133K, committed 98368K, reserved 557056K
  class space    used 13461K, committed 14016K, reserved 425984K
}
Event: 25.790 GC heap after
{Heap after GC invocations=42 (full 0):
 garbage-first heap   total 254976K, used 175660K [0x0000000080000000, 0x0000000100000000)
  region size 1024K, 5 young (5120K), 5 survivors (5120K)
 Metaspace       used 97133K, committed 98368K, reserved 557056K
  class space    used 13461K, committed 14016K, reserved 425984K
}
Event: 26.151 GC heap before
{Heap before GC invocations=42 (full 0):
 garbage-first heap   total 254976K, used 209452K [0x0000000080000000, 0x0000000100000000)
  region size 1024K, 38 young (38912K), 5 survivors (5120K)
 Metaspace       used 97489K, committed 98688K, reserved 557056K
  class space    used 13505K, committed 14016K, reserved 425984K
}
Event: 26.158 GC heap after
{Heap after GC invocations=43 (full 0):
 garbage-first heap   total 254976K, used 180908K [0x0000000080000000, 0x0000000100000000)
  region size 1024K, 5 young (5120K), 5 survivors (5120K)
 Metaspace       used 97489K, committed 98688K, reserved 557056K
  class space    used 13505K, committed 14016K, reserved 425984K
}
Event: 26.488 GC heap before
{Heap before GC invocations=43 (full 0):
 garbage-first heap   total 254976K, used 211628K [0x0000000080000000, 0x0000000100000000)
  region size 1024K, 36 young (36864K), 5 survivors (5120K)
 Metaspace       used 98067K, committed 99264K, reserved 557056K
  class space    used 13602K, committed 14144K, reserved 425984K
}
Event: 26.494 GC heap after
{Heap after GC invocations=44 (full 0):
 garbage-first heap   total 254976K, used 184175K [0x0000000080000000, 0x0000000100000000)
  region size 1024K, 4 young (4096K), 4 survivors (4096K)
 Metaspace       used 98067K, committed 99264K, reserved 557056K
  class space    used 13602K, committed 14144K, reserved 425984K
}
Event: 26.748 GC heap before
{Heap before GC invocations=44 (full 0):
 garbage-first heap   total 254976K, used 212847K [0x0000000080000000, 0x0000000100000000)
  region size 1024K, 33 young (33792K), 4 survivors (4096K)
 Metaspace       used 98230K, committed 99456K, reserved 557056K
  class space    used 13606K, committed 14144K, reserved 425984K
}
Event: 26.753 GC heap after
{Heap after GC invocations=45 (full 0):
 garbage-first heap   total 254976K, used 185111K [0x0000000080000000, 0x0000000100000000)
  region size 1024K, 2 young (2048K), 2 survivors (2048K)
 Metaspace       used 98230K, committed 99456K, reserved 557056K
  class space    used 13606K, committed 14144K, reserved 425984K
}
Event: 27.041 GC heap before
{Heap before GC invocations=45 (full 0):
 garbage-first heap   total 254976K, used 214807K [0x0000000080000000, 0x0000000100000000)
  region size 1024K, 32 young (32768K), 2 survivors (2048K)
 Metaspace       used 98375K, committed 99584K, reserved 557056K
  class space    used 13606K, committed 14144K, reserved 425984K
}
Event: 27.044 GC heap after
{Heap after GC invocations=46 (full 0):
 garbage-first heap   total 254976K, used 186043K [0x0000000080000000, 0x0000000100000000)
  region size 1024K, 3 young (3072K), 3 survivors (3072K)
 Metaspace       used 98375K, committed 99584K, reserved 557056K
  class space    used 13606K, committed 14144K, reserved 425984K
}
Event: 27.423 GC heap before
{Heap before GC invocations=46 (full 0):
 garbage-first heap   total 254976K, used 216763K [0x0000000080000000, 0x0000000100000000)
  region size 1024K, 34 young (34816K), 3 survivors (3072K)
 Metaspace       used 98620K, committed 99904K, reserved 557056K
  class space    used 13655K, committed 14208K, reserved 425984K
}
Event: 27.428 GC heap after
{Heap after GC invocations=47 (full 0):
 garbage-first heap   total 254976K, used 189786K [0x0000000080000000, 0x0000000100000000)
  region size 1024K, 5 young (5120K), 5 survivors (5120K)
 Metaspace       used 98620K, committed 99904K, reserved 557056K
  class space    used 13655K, committed 14208K, reserved 425984K
}
Event: 27.960 GC heap before
{Heap before GC invocations=47 (full 0):
 garbage-first heap   total 254976K, used 217434K [0x0000000080000000, 0x0000000100000000)
  region size 1024K, 33 young (33792K), 5 survivors (5120K)
 Metaspace       used 98672K, committed 99968K, reserved 557056K
  class space    used 13655K, committed 14208K, reserved 425984K
}
Event: 27.963 GC heap after
{Heap after GC invocations=48 (full 0):
 garbage-first heap   total 254976K, used 191723K [0x0000000080000000, 0x0000000100000000)
  region size 1024K, 2 young (2048K), 2 survivors (2048K)
 Metaspace       used 98672K, committed 99968K, reserved 557056K
  class space    used 13655K, committed 14208K, reserved 425984K
}

