# JRE version: OpenJDK Runtime Environment Microsoft-8035246 (17.0.8+7) (build 17.0.8+7-LTS)
# Java VM: OpenJDK 64-Bit Server VM Microsoft-8035246 (17.0.8+7-LTS, mixed mode, sharing, tiered, compressed oops, compressed class ptrs, g1 gc, windows-amd64)
GC Precious Log:
 CPUs: 12 total, 12 available
 Memory: 16083M
 Large Page Support: Disabled
 NUMA Support: Disabled
 Compressed Oops: Enabled (32-bit)
 Heap Region Size: 1M
 Heap Min Capacity: 8M
 Heap Initial Capacity: 252M
 Heap Max Capacity: 2G
 Pre-touch: Disabled
 Parallel Workers: 10
 Concurrent Workers: 3
 Concurrent Refinement Workers: 10
 Periodic GC: Disabled
Heap:
 garbage-first heap   total 310272K, used 181010K [0x0000000080000000, 0x0000000100000000)
  region size 1024K, 17 young (17408K), 10 survivors (10240K)
 Metaspace       used 103865K, committed 105088K, reserved 557056K
  class space    used 14327K, committed 14912K, reserved 425984K
GC Heap History (20 events):
Event: 16.977 GC heap before
{Heap before GC invocations=44 (full 0):
 garbage-first heap   total 150528K, used 114601K [0x0000000080000000, 0x0000000100000000)
  region size 1024K, 32 young (32768K), 1 survivors (1024K)
 Metaspace       used 80302K, committed 81024K, reserved 557056K
  class space    used 10982K, committed 11328K, reserved 425984K
}
Event: 16.979 GC heap after
{Heap after GC invocations=45 (full 0):
 garbage-first heap   total 150528K, used 84487K [0x0000000080000000, 0x0000000100000000)
  region size 1024K, 3 young (3072K), 3 survivors (3072K)
 Metaspace       used 80302K, committed 81024K, reserved 557056K
  class space    used 10982K, committed 11328K, reserved 425984K
}
Event: 17.205 GC heap before
{Heap before GC invocations=46 (full 0):
 garbage-first heap   total 150528K, used 111932K [0x0000000080000000, 0x0000000100000000)
  region size 1024K, 34 young (34816K), 3 survivors (3072K)
 Metaspace       used 80497K, committed 81216K, reserved 557056K
  class space    used 11013K, committed 11328K, reserved 425984K
}
Event: 17.213 GC heap after
{Heap after GC invocations=47 (full 0):
 garbage-first heap   total 150528K, used 82571K [0x0000000080000000, 0x0000000100000000)
  region size 1024K, 5 young (5120K), 5 survivors (5120K)
 Metaspace       used 80497K, committed 81216K, reserved 557056K
  class space    used 11013K, committed 11328K, reserved 425984K
}
Event: 17.227 GC heap before
{Heap before GC invocations=47 (full 0):
 garbage-first heap   total 150528K, used 84619K [0x0000000080000000, 0x0000000100000000)
  region size 1024K, 7 young (7168K), 5 survivors (5120K)
 Metaspace       used 80497K, committed 81216K, reserved 557056K
  class space    used 11013K, committed 11328K, reserved 425984K
}
Event: 17.232 GC heap after
{Heap after GC invocations=48 (full 0):
 garbage-first heap   total 150528K, used 81860K [0x0000000080000000, 0x0000000100000000)
  region size 1024K, 1 young (1024K), 1 survivors (1024K)
 Metaspace       used 80497K, committed 81216K, reserved 557056K
  class space    used 11013K, committed 11328K, reserved 425984K
}
Event: 21.559 GC heap before
{Heap before GC invocations=48 (full 0):
 garbage-first heap   total 150528K, used 117700K [0x0000000080000000, 0x0000000100000000)
  region size 1024K, 36 young (36864K), 1 survivors (1024K)
 Metaspace       used 83127K, committed 83904K, reserved 557056K
  class space    used 11401K, committed 11776K, reserved 425984K
}
Event: 21.563 GC heap after
{Heap after GC invocations=49 (full 0):
 garbage-first heap   total 310272K, used 84454K [0x0000000080000000, 0x0000000100000000)
  region size 1024K, 3 young (3072K), 3 survivors (3072K)
 Metaspace       used 83127K, committed 83904K, reserved 557056K
  class space    used 11401K, committed 11776K, reserved 425984K
}
Event: 24.304 GC heap before
{Heap before GC invocations=49 (full 0):
 garbage-first heap   total 310272K, used 217574K [0x0000000080000000, 0x0000000100000000)
  region size 1024K, 133 young (136192K), 3 survivors (3072K)
 Metaspace       used 91380K, committed 92416K, reserved 557056K
  class space    used 12761K, committed 13248K, reserved 425984K
}
Event: 24.318 GC heap after
{Heap after GC invocations=50 (full 0):
 garbage-first heap   total 310272K, used 101151K [0x0000000080000000, 0x0000000100000000)
  region size 1024K, 17 young (17408K), 17 survivors (17408K)
 Metaspace       used 91380K, committed 92416K, reserved 557056K
  class space    used 12761K, committed 13248K, reserved 425984K
}
Event: 26.681 GC heap before
{Heap before GC invocations=50 (full 0):
 garbage-first heap   total 310272K, used 232223K [0x0000000080000000, 0x0000000100000000)
  region size 1024K, 140 young (143360K), 17 survivors (17408K)
 Metaspace       used 93458K, committed 94592K, reserved 557056K
  class space    used 12978K, committed 13504K, reserved 425984K
}
Event: 26.699 GC heap after
{Heap after GC invocations=51 (full 0):
 garbage-first heap   total 310272K, used 133550K [0x0000000080000000, 0x0000000100000000)
  region size 1024K, 18 young (18432K), 18 survivors (18432K)
 Metaspace       used 93458K, committed 94592K, reserved 557056K
  class space    used 12978K, committed 13504K, reserved 425984K
}
Event: 28.641 GC heap before
{Heap before GC invocations=51 (full 0):
 garbage-first heap   total 310272K, used 228782K [0x0000000080000000, 0x0000000100000000)
  region size 1024K, 111 young (113664K), 18 survivors (18432K)
 Metaspace       used 101280K, committed 102400K, reserved 557056K
  class space    used 14008K, committed 14528K, reserved 425984K
}
Event: 28.653 GC heap after
{Heap after GC invocations=52 (full 0):
 garbage-first heap   total 310272K, used 147355K [0x0000000080000000, 0x0000000100000000)
  region size 1024K, 12 young (12288K), 12 survivors (12288K)
 Metaspace       used 101280K, committed 102400K, reserved 557056K
  class space    used 14008K, committed 14528K, reserved 425984K
}
Event: 29.838 GC heap before
{Heap before GC invocations=52 (full 0):
 garbage-first heap   total 310272K, used 235419K [0x0000000080000000, 0x0000000100000000)
  region size 1024K, 98 young (100352K), 12 survivors (12288K)
 Metaspace       used 102406K, committed 103616K, reserved 557056K
  class space    used 14109K, committed 14656K, reserved 425984K
}
Event: 29.858 GC heap after
{Heap after GC invocations=53 (full 0):
 garbage-first heap   total 310272K, used 162322K [0x0000000080000000, 0x0000000100000000)
  region size 1024K, 13 young (13312K), 13 survivors (13312K)
 Metaspace       used 102406K, committed 103616K, reserved 557056K
  class space    used 14109K, committed 14656K, reserved 425984K
}
Event: 30.617 GC heap before
{Heap before GC invocations=53 (full 0):
 garbage-first heap   total 310272K, used 238098K [0x0000000080000000, 0x0000000100000000)
  region size 1024K, 88 young (90112K), 13 survivors (13312K)
 Metaspace       used 103485K, committed 104704K, reserved 557056K
  class space    used 14278K, committed 14848K, reserved 425984K
}
Event: 30.631 GC heap after
{Heap after GC invocations=54 (full 0):
 garbage-first heap   total 310272K, used 169726K [0x0000000080000000, 0x0000000100000000)
  region size 1024K, 7 young (7168K), 7 survivors (7168K)
 Metaspace       used 103485K, committed 104704K, reserved 557056K
  class space    used 14278K, committed 14848K, reserved 425984K
}
Event: 31.671 GC heap before
{Heap before GC invocations=54 (full 0):
 garbage-first heap   total 310272K, used 243454K [0x0000000080000000, 0x0000000100000000)
  region size 1024K, 80 young (81920K), 7 survivors (7168K)
 Metaspace       used 103857K, committed 105088K, reserved 557056K
  class space    used 14326K, committed 14912K, reserved 425984K
}
Event: 31.679 GC heap after
{Heap after GC invocations=55 (full 0):
 garbage-first heap   total 310272K, used 174866K [0x0000000080000000, 0x0000000100000000)
  region size 1024K, 10 young (10240K), 10 survivors (10240K)
 Metaspace       used 103857K, committed 105088K, reserved 557056K
  class space    used 14326K, committed 14912K, reserved 425984K
}

