# JRE version: OpenJDK Runtime Environment Microsoft-8035246 (17.0.8+7) (build 17.0.8+7-LTS)
# Java VM: OpenJDK 64-Bit Server VM Microsoft-8035246 (17.0.8+7-LTS, mixed mode, sharing, tiered, compressed oops, compressed class ptrs, g1 gc, windows-amd64)
GC Precious Log:
 CPUs: 12 total, 12 available
 Memory: 16083M
 Large Page Support: Disabled
 NUMA Support: Disabled
 Compressed Oops: Enabled (32-bit)
 Heap Region Size: 1M
 Heap Min Capacity: 8M
 Heap Initial Capacity: 252M
 Heap Max Capacity: 2G
 Pre-touch: Disabled
 Parallel Workers: 10
 Concurrent Workers: 3
 Concurrent Refinement Workers: 10
 Periodic GC: Disabled
Heap:
 garbage-first heap   total 244736K, used 160439K [0x0000000080000000, 0x0000000100000000)
  region size 1024K, 31 young (31744K), 6 survivors (6144K)
 Metaspace       used 95190K, committed 96128K, reserved 557056K
  class space    used 13251K, committed 13696K, reserved 425984K
GC Heap History (20 events):
Event: 24.246 GC heap before
{Heap before GC invocations=45 (full 0):
 garbage-first heap   total 186368K, used 133191K [0x0000000080000000, 0x0000000100000000)
  region size 1024K, 31 young (31744K), 3 survivors (3072K)
 Metaspace       used 85892K, committed 86720K, reserved 557056K
  class space    used 11989K, committed 12352K, reserved 425984K
}
Event: 24.250 GC heap after
{Heap after GC invocations=46 (full 0):
 garbage-first heap   total 186368K, used 112109K [0x0000000080000000, 0x0000000100000000)
  region size 1024K, 4 young (4096K), 4 survivors (4096K)
 Metaspace       used 85892K, committed 86720K, reserved 557056K
  class space    used 11989K, committed 12352K, reserved 425984K
}
Event: 24.311 GC heap before
{Heap before GC invocations=46 (full 0):
 garbage-first heap   total 186368K, used 117229K [0x0000000080000000, 0x0000000100000000)
  region size 1024K, 9 young (9216K), 4 survivors (4096K)
 Metaspace       used 86244K, committed 87104K, reserved 557056K
  class space    used 12032K, committed 12416K, reserved 425984K
}
Event: 24.313 GC heap after
{Heap after GC invocations=47 (full 0):
 garbage-first heap   total 186368K, used 112726K [0x0000000080000000, 0x0000000100000000)
  region size 1024K, 1 young (1024K), 1 survivors (1024K)
 Metaspace       used 86244K, committed 87104K, reserved 557056K
  class space    used 12032K, committed 12416K, reserved 425984K
}
Event: 24.835 GC heap before
{Heap before GC invocations=47 (full 0):
 garbage-first heap   total 186368K, used 144470K [0x0000000080000000, 0x0000000100000000)
  region size 1024K, 32 young (32768K), 1 survivors (1024K)
 Metaspace       used 90607K, committed 91520K, reserved 557056K
  class space    used 12645K, committed 13056K, reserved 425984K
}
Event: 24.838 GC heap after
{Heap after GC invocations=48 (full 0):
 garbage-first heap   total 186368K, used 114928K [0x0000000080000000, 0x0000000100000000)
  region size 1024K, 3 young (3072K), 3 survivors (3072K)
 Metaspace       used 90607K, committed 91520K, reserved 557056K
  class space    used 12645K, committed 13056K, reserved 425984K
}
Event: 25.430 GC heap before
{Heap before GC invocations=48 (full 0):
 garbage-first heap   total 186368K, used 147696K [0x0000000080000000, 0x0000000100000000)
  region size 1024K, 35 young (35840K), 3 survivors (3072K)
 Metaspace       used 92299K, committed 93120K, reserved 557056K
  class space    used 12859K, committed 13248K, reserved 425984K
}
Event: 25.435 GC heap after
{Heap after GC invocations=49 (full 0):
 garbage-first heap   total 186368K, used 119025K [0x0000000080000000, 0x0000000100000000)
  region size 1024K, 5 young (5120K), 5 survivors (5120K)
 Metaspace       used 92299K, committed 93120K, reserved 557056K
  class space    used 12859K, committed 13248K, reserved 425984K
}
Event: 25.852 GC heap before
{Heap before GC invocations=49 (full 0):
 garbage-first heap   total 186368K, used 149745K [0x0000000080000000, 0x0000000100000000)
  region size 1024K, 35 young (35840K), 5 survivors (5120K)
 Metaspace       used 93343K, committed 94272K, reserved 557056K
  class space    used 12981K, committed 13376K, reserved 425984K
}
Event: 25.858 GC heap after
{Heap after GC invocations=50 (full 0):
 garbage-first heap   total 186368K, used 123707K [0x0000000080000000, 0x0000000100000000)
  region size 1024K, 5 young (5120K), 5 survivors (5120K)
 Metaspace       used 93343K, committed 94272K, reserved 557056K
  class space    used 12981K, committed 13376K, reserved 425984K
}
Event: 26.361 GC heap before
{Heap before GC invocations=51 (full 0):
 garbage-first heap   total 214016K, used 152379K [0x0000000080000000, 0x0000000100000000)
  region size 1024K, 33 young (33792K), 5 survivors (5120K)
 Metaspace       used 93675K, committed 94592K, reserved 557056K
  class space    used 13010K, committed 13440K, reserved 425984K
}
Event: 26.366 GC heap after
{Heap after GC invocations=52 (full 0):
 garbage-first heap   total 214016K, used 128121K [0x0000000080000000, 0x0000000100000000)
  region size 1024K, 5 young (5120K), 5 survivors (5120K)
 Metaspace       used 93675K, committed 94592K, reserved 557056K
  class space    used 13010K, committed 13440K, reserved 425984K
}
Event: 26.419 GC heap before
{Heap before GC invocations=52 (full 0):
 garbage-first heap   total 214016K, used 133241K [0x0000000080000000, 0x0000000100000000)
  region size 1024K, 10 young (10240K), 5 survivors (5120K)
 Metaspace       used 93716K, committed 94592K, reserved 557056K
  class space    used 13014K, committed 13440K, reserved 425984K
}
Event: 26.423 GC heap after
{Heap after GC invocations=53 (full 0):
 garbage-first heap   total 214016K, used 128907K [0x0000000080000000, 0x0000000100000000)
  region size 1024K, 2 young (2048K), 2 survivors (2048K)
 Metaspace       used 93716K, committed 94592K, reserved 557056K
  class space    used 13014K, committed 13440K, reserved 425984K
}
Event: 26.740 GC heap before
{Heap before GC invocations=53 (full 0):
 garbage-first heap   total 214016K, used 168843K [0x0000000080000000, 0x0000000100000000)
  region size 1024K, 42 young (43008K), 2 survivors (2048K)
 Metaspace       used 94553K, committed 95488K, reserved 557056K
  class space    used 13197K, committed 13632K, reserved 425984K
}
Event: 26.743 GC heap after
{Heap after GC invocations=54 (full 0):
 garbage-first heap   total 214016K, used 130825K [0x0000000080000000, 0x0000000100000000)
  region size 1024K, 4 young (4096K), 4 survivors (4096K)
 Metaspace       used 94553K, committed 95488K, reserved 557056K
  class space    used 13197K, committed 13632K, reserved 425984K
}
Event: 27.157 GC heap before
{Heap before GC invocations=54 (full 0):
 garbage-first heap   total 214016K, used 171785K [0x0000000080000000, 0x0000000100000000)
  region size 1024K, 45 young (46080K), 4 survivors (4096K)
 Metaspace       used 94833K, committed 95744K, reserved 557056K
  class space    used 13197K, committed 13632K, reserved 425984K
}
Event: 27.160 GC heap after
{Heap after GC invocations=55 (full 0):
 garbage-first heap   total 214016K, used 132355K [0x0000000080000000, 0x0000000100000000)
  region size 1024K, 4 young (4096K), 4 survivors (4096K)
 Metaspace       used 94833K, committed 95744K, reserved 557056K
  class space    used 13197K, committed 13632K, reserved 425984K
}
Event: 27.553 GC heap before
{Heap before GC invocations=55 (full 0):
 garbage-first heap   total 214016K, used 175363K [0x0000000080000000, 0x0000000100000000)
  region size 1024K, 47 young (48128K), 4 survivors (4096K)
 Metaspace       used 95108K, committed 96064K, reserved 557056K
  class space    used 13250K, committed 13696K, reserved 425984K
}
Event: 27.558 GC heap after
{Heap after GC invocations=56 (full 0):
 garbage-first heap   total 214016K, used 136887K [0x0000000080000000, 0x0000000100000000)
  region size 1024K, 6 young (6144K), 6 survivors (6144K)
 Metaspace       used 95108K, committed 96064K, reserved 557056K
  class space    used 13250K, committed 13696K, reserved 425984K
}

